app/build/outputs/logs/manifest-merger-debug-report.txt
-- Merging decision tree log ---
manifest
ADDED from src\main\AndroidManifest.xml:2:1-34:12
	package
		ADDED from src\main\AndroidManifest.xml:3:7-29
		INJECTED from src\main\AndroidManifest.xml
		INJECTED from src\main\AndroidManifest.xml
	android:versionName
		ADDED from src\main\AndroidManifest.xml:5:7-32
		INJECTED from src\main\AndroidManifest.xml
		INJECTED from src\main\AndroidManifest.xml
	android:versionCode
		ADDED from src\main\AndroidManifest.xml:6:7-31
		INJECTED from src\main\AndroidManifest.xml
		INJECTED from src\main\AndroidManifest.xml
	xmlns:android
		ADDED from src\main\AndroidManifest.xml:2:11-69
	android:installLocation
		ADDED from src\main\AndroidManifest.xml:4:7-37
uses-sdk
ADDED from src\main\AndroidManifest.xml:7:5-9:7
	android:targetSdkVersion
		ADDED from src\main\AndroidManifest.xml:8:9-38
		INJECTED from src\main\AndroidManifest.xml
		INJECTED from src\main\AndroidManifest.xml
	android:minSdkVersion
		ADDED from src\main\AndroidManifest.xml:7:15-41
		INJECTED from src\main\AndroidManifest.xml
		INJECTED from src\main\AndroidManifest.xml
application
ADDED from src\main\AndroidManifest.xml:10:5-26:19
	android:label
		ADDED from src\main\AndroidManifest.xml:11:21-61
	android:icon
		ADDED from src\main\AndroidManifest.xml:10:21-50
activity#com.mathdoku.MathDoku
ADDED from src\main\AndroidManifest.xml:12:9-19:20
	android:label
		ADDED from src\main\AndroidManifest.xml:14:19-59
	android:theme
		ADDED from src\main\AndroidManifest.xml:13:19-66
	android:name
		ADDED from src\main\AndroidManifest.xml:12:19-43
intent-filter#android.intent.action.MAIN+android.intent.category.LAUNCHER
ADDED from src\main\AndroidManifest.xml:15:13-18:29
action#android.intent.action.MAIN
ADDED from src\main\AndroidManifest.xml:16:17-69
	android:name
		ADDED from src\main\AndroidManifest.xml:16:25-66
category#android.intent.category.LAUNCHER
ADDED from src\main\AndroidManifest.xml:17:17-77
	android:name
		ADDED from src\main\AndroidManifest.xml:17:27-74
activity#com.mathdoku.OptionsActivity
ADDED from src\main\AndroidManifest.xml:20:9-22:11
	android:theme
		ADDED from src\main\AndroidManifest.xml:21:19-66
	android:name
		ADDED from src\main\AndroidManifest.xml:20:19-50
activity#com.mathdoku.SavedGameList
ADDED from src\main\AndroidManifest.xml:23:9-25:11
	android:theme
		ADDED from src\main\AndroidManifest.xml:24:19-66
	android:name
		ADDED from src\main\AndroidManifest.xml:23:19-48
uses-permission#android.permission.WAKE_LOCK
ADDED from src\main\AndroidManifest.xml:27:5-84
	android:name
		ADDED from src\main\AndroidManifest.xml:27:22-65
supports-screens
ADDED from src\main\AndroidManifest.xml:28:2-33:21
	android:largeScreens
		ADDED from src\main\AndroidManifest.xml:30:8-35
	android:smallScreens
		ADDED from src\main\AndroidManifest.xml:28:20-47
	android:normalScreens
		ADDED from src\main\AndroidManifest.xml:29:8-36
	android:xlargeScreens
		ADDED from src\main\AndroidManifest.xml:31:8-36
	android:anyDensity
		ADDED from src\main\AndroidManifest.xml:32:8-33